[2021-04-15T22:07:06.026] [DEBUG] cheese - Url {
  protocol: 'https:',
  slashes: true,
  auth: null,
  host: 'www.baidu.com',
  port: null,
  hostname: 'www.baidu.com',
  hash: '#tag=3',
  search: '?id=2',
  query: 'id=2',
  pathname: ';443/path/index.html',
  path: ';443/path/index.html?id=2',
  href: 'https://www.baidu.com/;443/path/index.html?id=2#tag=3'
}
[2021-04-16T09:12:25.424] [DEBUG] cheese - Url {
  protocol: 'https:',
  slashes: true,
  auth: null,
  host: 'www.baidu.com',
  port: null,
  hostname: 'www.baidu.com',
  hash: '#tag=3',
  search: '?id=2',
  query: 'id=2',
  pathname: ';443/path/index.html',
  path: ';443/path/index.html?id=2',
  href: 'https://www.baidu.com/;443/path/index.html?id=2#tag=3'
}
